2021-03-31 15:21:13,427 INFO c.m.a.t.AssessControllerTest-logStartupProfileInfo [main] No active profile set, falling back to default profiles: default
2021-03-31 15:21:17,013 WARN o.s.b.a.e.EndpointId-logWarning [main] Endpoint ID 'service-registry' contains invalid characters, please migrate to a valid format.
2021-03-31 15:21:24,146 WARN c.n.c.s.URLConfigurationSource-<init> [main] No URLs will be polled as dynamic configuration sources.
2021-03-31 15:21:24,172 WARN c.n.c.s.URLConfigurationSource-<init> [main] No URLs will be polled as dynamic configuration sources.
2021-03-31 15:21:39,397 WARN o.s.c.l.c.BlockingLoadBalancerClientAutoConfiguration$BlockingLoadBalancerClientRibbonWarnLogger-logWarning [main] You already have RibbonLoadBalancerClient on your classpath. It will be used by default. As Spring Cloud Ribbon is in maintenance mode. We recommend switching to BlockingLoadBalancerClient instead. In order to use it, set the value of `spring.cloud.loadbalancer.ribbon.enabled` to `false` or remove spring-cloud-starter-netflix-ribbon from your project.
2021-03-31 15:21:43,994 INFO c.m.a.t.AssessControllerTest-logStarted [main] Started AssessControllerTest in 42.159 seconds (JVM running for 55.544)
2021-03-31 15:21:44,218 INFO c.m.a.c.AssessController-getAssessByPatientId [main] getAssessById start 1
2021-03-31 15:21:44,227 INFO c.m.a.c.AssessController-getAssessByPatientId [main] getAssessById finish
2021-03-31 15:21:44,602 INFO c.m.a.c.AssessController-getAssessByFamilyName [main] getAssessByFamilyName start Bond
2021-03-31 15:21:44,603 INFO c.m.a.c.AssessController-getAssessByFamilyName [main] getAssessByFamilyName finish
2021-03-31 15:21:44,669 INFO c.m.a.c.AssessController-getAssessByFamilyName [main] getAssessByFamilyName start 
2021-03-31 15:21:44,676 ERROR c.m.a.c.AssessController-getAssessByFamilyName [main] familyName is Empty 
2021-03-31 15:21:44,682 ERROR c.m.a.c.e.AssessIdNotFoundException-<init> [main] familyName is Empty 
2021-03-31 15:21:44,773 INFO c.m.a.c.AssessController-getAssessByFamilyName [main] getAssessByFamilyName start Scaramanga
2021-03-31 15:21:44,775 ERROR c.m.a.c.AssessController-getAssessByFamilyName [main] No Assess for patient  Scaramanga
2021-03-31 15:21:44,776 ERROR c.m.a.c.e.AssessIdNotFoundException-<init> [main] No Assess for patient  Scaramanga
2021-03-31 15:21:45,006 INFO c.m.a.c.AssessController-getAssessByPatientId [main] getAssessById start 0
2021-03-31 15:21:45,016 ERROR c.m.a.c.AssessController-getAssessByPatientId [main] No patient id 0
2021-03-31 15:21:45,025 ERROR c.m.a.c.e.AssessIdNotFoundException-<init> [main] No patient id 0
2021-03-31 15:21:50,987 INFO c.m.a.t.AssessServiceTest-logStartupProfileInfo [main] No active profile set, falling back to default profiles: default
2021-03-31 15:21:52,496 WARN o.s.c.n.a.ArchaiusAutoConfiguration-configureArchaius [main] Netflix ConfigurationManager has already been installed, unable to re-install
2021-03-31 15:21:59,061 WARN o.s.c.l.c.BlockingLoadBalancerClientAutoConfiguration$BlockingLoadBalancerClientRibbonWarnLogger-logWarning [main] You already have RibbonLoadBalancerClient on your classpath. It will be used by default. As Spring Cloud Ribbon is in maintenance mode. We recommend switching to BlockingLoadBalancerClient instead. In order to use it, set the value of `spring.cloud.loadbalancer.ribbon.enabled` to `false` or remove spring-cloud-starter-netflix-ribbon from your project.
2021-03-31 15:22:01,933 INFO c.m.a.t.AssessServiceTest-logStarted [main] Started AssessServiceTest in 16.73 seconds (JVM running for 73.485)
2021-03-31 15:22:02,416 INFO c.m.a.s.AssessServiceImpl-getAssessByFamilyName [main] test
2021-03-31 15:22:02,478 INFO c.m.a.s.AssessServiceImpl-getAssessByFamilyName [main] test
2021-03-31 15:22:03,092 ERROR c.n.d.DiscoveryClient-notify [SpringContextShutdownHook] Saw local status change event StatusChangeEvent [timestamp=1617196923086, current=DOWN, previous=UP]
2021-03-31 15:22:03,092 ERROR c.n.d.DiscoveryClient-notify [SpringContextShutdownHook] Saw local status change event StatusChangeEvent [timestamp=1617196923089, current=DOWN, previous=UP]
2021-03-31 15:57:03,991 INFO c.m.a.t.AssessControllerTest-logStartupProfileInfo [main] No active profile set, falling back to default profiles: default
2021-03-31 15:57:11,842 WARN o.s.b.a.e.EndpointId-logWarning [main] Endpoint ID 'service-registry' contains invalid characters, please migrate to a valid format.
2021-03-31 15:57:27,211 WARN c.n.c.s.URLConfigurationSource-<init> [main] No URLs will be polled as dynamic configuration sources.
2021-03-31 15:57:27,268 WARN c.n.c.s.URLConfigurationSource-<init> [main] No URLs will be polled as dynamic configuration sources.
2021-03-31 15:57:52,562 WARN o.s.c.l.c.BlockingLoadBalancerClientAutoConfiguration$BlockingLoadBalancerClientRibbonWarnLogger-logWarning [main] You already have RibbonLoadBalancerClient on your classpath. It will be used by default. As Spring Cloud Ribbon is in maintenance mode. We recommend switching to BlockingLoadBalancerClient instead. In order to use it, set the value of `spring.cloud.loadbalancer.ribbon.enabled` to `false` or remove spring-cloud-starter-netflix-ribbon from your project.
2021-03-31 15:57:59,481 INFO c.m.a.t.AssessControllerTest-logStarted [main] Started AssessControllerTest in 72.667 seconds (JVM running for 89.435)
2021-03-31 15:57:59,983 INFO c.m.a.c.AssessController-getAssessByPatientId [main] getAssessById start 1
2021-03-31 15:57:59,990 INFO c.m.a.c.AssessController-getAssessByPatientId [main] getAssessById finish
2021-03-31 15:58:00,359 INFO c.m.a.c.AssessController-getAssessByFamilyName [main] getAssessByFamilyName start Bond
2021-03-31 15:58:00,360 INFO c.m.a.c.AssessController-getAssessByFamilyName [main] getAssessByFamilyName finish
2021-03-31 15:58:00,386 INFO c.m.a.c.AssessController-getAssessByFamilyName [main] getAssessByFamilyName start 
2021-03-31 15:58:00,387 ERROR c.m.a.c.AssessController-getAssessByFamilyName [main] familyName is Empty 
2021-03-31 15:58:00,388 ERROR c.m.a.c.e.AssessIdNotFoundException-<init> [main] familyName is Empty 
2021-03-31 15:58:00,459 INFO c.m.a.c.AssessController-getAssessByFamilyName [main] getAssessByFamilyName start Scaramanga
2021-03-31 15:58:00,460 ERROR c.m.a.c.AssessController-getAssessByFamilyName [main] No Assess for patient  Scaramanga
2021-03-31 15:58:00,465 ERROR c.m.a.c.e.AssessIdNotFoundException-<init> [main] No Assess for patient  Scaramanga
2021-03-31 15:58:00,494 INFO c.m.a.c.AssessController-getAssessByPatientId [main] getAssessById start 0
2021-03-31 15:58:00,495 ERROR c.m.a.c.AssessController-getAssessByPatientId [main] No patient id 0
2021-03-31 15:58:00,496 ERROR c.m.a.c.e.AssessIdNotFoundException-<init> [main] No patient id 0
2021-03-31 15:58:06,127 INFO c.m.a.t.AssessServiceTest-logStartupProfileInfo [main] No active profile set, falling back to default profiles: default
2021-03-31 15:58:07,722 WARN o.s.c.n.a.ArchaiusAutoConfiguration-configureArchaius [main] Netflix ConfigurationManager has already been installed, unable to re-install
2021-03-31 15:58:18,988 WARN o.s.c.l.c.BlockingLoadBalancerClientAutoConfiguration$BlockingLoadBalancerClientRibbonWarnLogger-logWarning [main] You already have RibbonLoadBalancerClient on your classpath. It will be used by default. As Spring Cloud Ribbon is in maintenance mode. We recommend switching to BlockingLoadBalancerClient instead. In order to use it, set the value of `spring.cloud.loadbalancer.ribbon.enabled` to `false` or remove spring-cloud-starter-netflix-ribbon from your project.
2021-03-31 15:58:24,460 INFO c.m.a.t.AssessServiceTest-logStarted [main] Started AssessServiceTest in 23.9 seconds (JVM running for 114.416)
2021-03-31 15:58:24,993 INFO c.m.a.s.AssessServiceImpl-getAssessByFamilyName [main] test
2021-03-31 15:58:25,046 INFO c.m.a.s.AssessServiceImpl-getAssessByFamilyName [main] test
2021-03-31 15:58:25,408 ERROR c.n.d.DiscoveryClient-notify [SpringContextShutdownHook] Saw local status change event StatusChangeEvent [timestamp=1617199105398, current=DOWN, previous=UP]
2021-03-31 15:58:25,408 ERROR c.n.d.DiscoveryClient-notify [SpringContextShutdownHook] Saw local status change event StatusChangeEvent [timestamp=1617199105406, current=DOWN, previous=UP]
2021-03-31 17:13:00,713 INFO c.m.a.t.AssessControllerTest-logStartupProfileInfo [main] No active profile set, falling back to default profiles: default
2021-03-31 17:13:02,766 WARN o.s.b.a.e.EndpointId-logWarning [main] Endpoint ID 'service-registry' contains invalid characters, please migrate to a valid format.
2021-03-31 17:13:06,378 WARN c.n.c.s.URLConfigurationSource-<init> [main] No URLs will be polled as dynamic configuration sources.
2021-03-31 17:13:06,395 WARN c.n.c.s.URLConfigurationSource-<init> [main] No URLs will be polled as dynamic configuration sources.
2021-03-31 17:13:13,796 WARN o.s.c.l.c.BlockingLoadBalancerClientAutoConfiguration$BlockingLoadBalancerClientRibbonWarnLogger-logWarning [main] You already have RibbonLoadBalancerClient on your classpath. It will be used by default. As Spring Cloud Ribbon is in maintenance mode. We recommend switching to BlockingLoadBalancerClient instead. In order to use it, set the value of `spring.cloud.loadbalancer.ribbon.enabled` to `false` or remove spring-cloud-starter-netflix-ribbon from your project.
2021-03-31 17:13:16,524 INFO c.m.a.t.AssessControllerTest-logStarted [main] Started AssessControllerTest in 21.704 seconds (JVM running for 26.937)
2021-03-31 17:13:16,738 INFO c.m.a.c.AssessController-getAssessByPatientId [main] getAssessById start 1
2021-03-31 17:13:16,745 INFO c.m.a.c.AssessController-getAssessByPatientId [main] getAssessById finish
2021-03-31 17:13:16,921 INFO c.m.a.c.AssessController-getAssessByFamilyName [main] getAssessByFamilyName start Bond
2021-03-31 17:13:16,921 INFO c.m.a.c.AssessController-getAssessByFamilyName [main] getAssessByFamilyName finish
2021-03-31 17:13:16,973 INFO c.m.a.c.AssessController-getAssessByFamilyName [main] getAssessByFamilyName start 
2021-03-31 17:13:16,974 ERROR c.m.a.c.AssessController-getAssessByFamilyName [main] familyName is Empty 
2021-03-31 17:13:16,976 ERROR c.m.a.c.e.AssessIdNotFoundException-<init> [main] familyName is Empty 
2021-03-31 17:13:17,011 INFO c.m.a.c.AssessController-getAssessByFamilyName [main] getAssessByFamilyName start Scaramanga
2021-03-31 17:13:17,012 ERROR c.m.a.c.AssessController-getAssessByFamilyName [main] No Assess for patient  Scaramanga
2021-03-31 17:13:17,013 ERROR c.m.a.c.e.AssessIdNotFoundException-<init> [main] No Assess for patient  Scaramanga
2021-03-31 17:13:17,083 INFO c.m.a.c.AssessController-getAssessByPatientId [main] getAssessById start 0
2021-03-31 17:13:17,084 ERROR c.m.a.c.AssessController-getAssessByPatientId [main] No patient id 0
2021-03-31 17:13:17,086 ERROR c.m.a.c.e.AssessIdNotFoundException-<init> [main] No patient id 0
2021-03-31 17:13:21,442 INFO c.m.a.t.AssessServiceTest-logStartupProfileInfo [main] No active profile set, falling back to default profiles: default
2021-03-31 17:13:22,737 WARN o.s.c.n.a.ArchaiusAutoConfiguration-configureArchaius [main] Netflix ConfigurationManager has already been installed, unable to re-install
2021-03-31 17:13:27,035 WARN o.s.c.l.c.BlockingLoadBalancerClientAutoConfiguration$BlockingLoadBalancerClientRibbonWarnLogger-logWarning [main] You already have RibbonLoadBalancerClient on your classpath. It will be used by default. As Spring Cloud Ribbon is in maintenance mode. We recommend switching to BlockingLoadBalancerClient instead. In order to use it, set the value of `spring.cloud.loadbalancer.ribbon.enabled` to `false` or remove spring-cloud-starter-netflix-ribbon from your project.
2021-03-31 17:13:28,143 INFO c.m.a.t.AssessServiceTest-logStarted [main] Started AssessServiceTest in 11.015 seconds (JVM running for 38.558)
2021-03-31 17:13:28,321 INFO c.m.a.s.AssessServiceImpl-getAssessByFamilyName [main] test
2021-03-31 17:13:28,363 INFO c.m.a.s.AssessServiceImpl-getAssessByFamilyName [main] test
2021-03-31 17:13:28,723 ERROR c.n.d.DiscoveryClient-notify [SpringContextShutdownHook] Saw local status change event StatusChangeEvent [timestamp=1617203608713, current=DOWN, previous=UP]
2021-03-31 17:13:28,723 ERROR c.n.d.DiscoveryClient-notify [SpringContextShutdownHook] Saw local status change event StatusChangeEvent [timestamp=1617203608712, current=DOWN, previous=UP]
2021-03-31 17:37:21,377 INFO c.m.a.t.AssessControllerTest-logStartupProfileInfo [main] No active profile set, falling back to default profiles: default
2021-03-31 17:37:23,533 WARN o.s.b.a.e.EndpointId-logWarning [main] Endpoint ID 'service-registry' contains invalid characters, please migrate to a valid format.
2021-03-31 17:37:27,319 WARN c.n.c.s.URLConfigurationSource-<init> [main] No URLs will be polled as dynamic configuration sources.
2021-03-31 17:37:27,348 WARN c.n.c.s.URLConfigurationSource-<init> [main] No URLs will be polled as dynamic configuration sources.
2021-03-31 17:37:35,211 WARN o.s.c.l.c.BlockingLoadBalancerClientAutoConfiguration$BlockingLoadBalancerClientRibbonWarnLogger-logWarning [main] You already have RibbonLoadBalancerClient on your classpath. It will be used by default. As Spring Cloud Ribbon is in maintenance mode. We recommend switching to BlockingLoadBalancerClient instead. In order to use it, set the value of `spring.cloud.loadbalancer.ribbon.enabled` to `false` or remove spring-cloud-starter-netflix-ribbon from your project.
2021-03-31 17:37:38,787 INFO c.m.a.t.AssessControllerTest-logStarted [main] Started AssessControllerTest in 23.181 seconds (JVM running for 28.798)
2021-03-31 17:37:38,982 INFO c.m.a.c.AssessController-getAssessByPatientId [main] getAssessById start 1
2021-03-31 17:37:38,989 INFO c.m.a.c.AssessController-getAssessByPatientId [main] getAssessById finish
2021-03-31 17:37:39,188 INFO c.m.a.c.AssessController-getAssessByFamilyName [main] getAssessByFamilyName start Bond
2021-03-31 17:37:39,189 INFO c.m.a.c.AssessController-getAssessByFamilyName [main] getAssessByFamilyName finish
2021-03-31 17:37:39,251 INFO c.m.a.c.AssessController-getAssessByFamilyName [main] getAssessByFamilyName start 
2021-03-31 17:37:39,252 ERROR c.m.a.c.AssessController-getAssessByFamilyName [main] familyName is Empty 
2021-03-31 17:37:39,253 ERROR c.m.a.c.e.AssessIdNotFoundException-<init> [main] familyName is Empty 
2021-03-31 17:37:39,287 INFO c.m.a.c.AssessController-getAssessByFamilyName [main] getAssessByFamilyName start Scaramanga
2021-03-31 17:37:39,288 ERROR c.m.a.c.AssessController-getAssessByFamilyName [main] No Assess for patient  Scaramanga
2021-03-31 17:37:39,289 ERROR c.m.a.c.e.AssessIdNotFoundException-<init> [main] No Assess for patient  Scaramanga
2021-03-31 17:37:39,313 INFO c.m.a.c.AssessController-getAssessByPatientId [main] getAssessById start 0
2021-03-31 17:37:39,314 ERROR c.m.a.c.AssessController-getAssessByPatientId [main] No patient id 0
2021-03-31 17:37:39,315 ERROR c.m.a.c.e.AssessIdNotFoundException-<init> [main] No patient id 0
2021-03-31 17:37:43,681 INFO c.m.a.t.AssessServiceTest-logStartupProfileInfo [main] No active profile set, falling back to default profiles: default
2021-03-31 17:37:45,198 WARN o.s.c.n.a.ArchaiusAutoConfiguration-configureArchaius [main] Netflix ConfigurationManager has already been installed, unable to re-install
2021-03-31 17:37:49,431 WARN o.s.c.l.c.BlockingLoadBalancerClientAutoConfiguration$BlockingLoadBalancerClientRibbonWarnLogger-logWarning [main] You already have RibbonLoadBalancerClient on your classpath. It will be used by default. As Spring Cloud Ribbon is in maintenance mode. We recommend switching to BlockingLoadBalancerClient instead. In order to use it, set the value of `spring.cloud.loadbalancer.ribbon.enabled` to `false` or remove spring-cloud-starter-netflix-ribbon from your project.
2021-03-31 17:37:50,466 INFO c.m.a.t.AssessServiceTest-logStarted [main] Started AssessServiceTest in 11.112 seconds (JVM running for 40.478)
2021-03-31 17:37:50,710 INFO c.m.a.s.AssessServiceImpl-getAssessByFamilyName [main] test
2021-03-31 17:37:50,760 INFO c.m.a.s.AssessServiceImpl-getAssessByFamilyName [main] test
2021-03-31 17:37:50,958 ERROR c.n.d.DiscoveryClient-notify [SpringContextShutdownHook] Saw local status change event StatusChangeEvent [timestamp=1617205070955, current=DOWN, previous=UP]
2021-03-31 17:37:50,957 ERROR c.n.d.DiscoveryClient-notify [SpringContextShutdownHook] Saw local status change event StatusChangeEvent [timestamp=1617205070953, current=DOWN, previous=UP]
2021-03-31 17:40:32,203 INFO c.m.a.t.AssessControllerTest-logStartupProfileInfo [main] No active profile set, falling back to default profiles: default
2021-03-31 17:40:34,302 WARN o.s.b.a.e.EndpointId-logWarning [main] Endpoint ID 'service-registry' contains invalid characters, please migrate to a valid format.
2021-03-31 17:40:37,831 WARN c.n.c.s.URLConfigurationSource-<init> [main] No URLs will be polled as dynamic configuration sources.
2021-03-31 17:40:37,847 WARN c.n.c.s.URLConfigurationSource-<init> [main] No URLs will be polled as dynamic configuration sources.
2021-03-31 17:40:45,574 WARN o.s.c.l.c.BlockingLoadBalancerClientAutoConfiguration$BlockingLoadBalancerClientRibbonWarnLogger-logWarning [main] You already have RibbonLoadBalancerClient on your classpath. It will be used by default. As Spring Cloud Ribbon is in maintenance mode. We recommend switching to BlockingLoadBalancerClient instead. In order to use it, set the value of `spring.cloud.loadbalancer.ribbon.enabled` to `false` or remove spring-cloud-starter-netflix-ribbon from your project.
2021-03-31 17:40:48,426 INFO c.m.a.t.AssessControllerTest-logStarted [main] Started AssessControllerTest in 21.891 seconds (JVM running for 27.112)
2021-03-31 17:40:48,639 INFO c.m.a.c.AssessController-getAssessByPatientId [main] getAssessById start 1
2021-03-31 17:40:48,647 INFO c.m.a.c.AssessController-getAssessByPatientId [main] getAssessById finish
2021-03-31 17:40:48,864 INFO c.m.a.c.AssessController-getAssessByFamilyName [main] getAssessByFamilyName start Bond
2021-03-31 17:40:48,865 INFO c.m.a.c.AssessController-getAssessByFamilyName [main] getAssessByFamilyName finish
2021-03-31 17:40:48,907 INFO c.m.a.c.AssessController-getAssessByFamilyName [main] getAssessByFamilyName start 
2021-03-31 17:40:48,908 ERROR c.m.a.c.AssessController-getAssessByFamilyName [main] familyName is Empty 
2021-03-31 17:40:48,909 ERROR c.m.a.c.e.AssessIdNotFoundException-<init> [main] familyName is Empty 
2021-03-31 17:40:48,958 INFO c.m.a.c.AssessController-getAssessByFamilyName [main] getAssessByFamilyName start Scaramanga
2021-03-31 17:40:48,959 ERROR c.m.a.c.AssessController-getAssessByFamilyName [main] No Assess for patient  Scaramanga
2021-03-31 17:40:48,960 ERROR c.m.a.c.e.AssessIdNotFoundException-<init> [main] No Assess for patient  Scaramanga
2021-03-31 17:40:48,974 INFO c.m.a.c.AssessController-getAssessByPatientId [main] getAssessById start 0
2021-03-31 17:40:48,975 ERROR c.m.a.c.AssessController-getAssessByPatientId [main] No patient id 0
2021-03-31 17:40:48,976 ERROR c.m.a.c.e.AssessIdNotFoundException-<init> [main] No patient id 0
2021-03-31 17:40:53,243 INFO c.m.a.t.AssessServiceTest-logStartupProfileInfo [main] No active profile set, falling back to default profiles: default
2021-03-31 17:40:54,684 WARN o.s.c.n.a.ArchaiusAutoConfiguration-configureArchaius [main] Netflix ConfigurationManager has already been installed, unable to re-install
2021-03-31 17:40:58,955 WARN o.s.c.l.c.BlockingLoadBalancerClientAutoConfiguration$BlockingLoadBalancerClientRibbonWarnLogger-logWarning [main] You already have RibbonLoadBalancerClient on your classpath. It will be used by default. As Spring Cloud Ribbon is in maintenance mode. We recommend switching to BlockingLoadBalancerClient instead. In order to use it, set the value of `spring.cloud.loadbalancer.ribbon.enabled` to `false` or remove spring-cloud-starter-netflix-ribbon from your project.
2021-03-31 17:41:00,040 INFO c.m.a.t.AssessServiceTest-logStarted [main] Started AssessServiceTest in 11.023 seconds (JVM running for 38.727)
2021-03-31 17:41:00,221 INFO c.m.a.s.AssessServiceImpl-getAssessByFamilyName [main] test
2021-03-31 17:41:00,271 INFO c.m.a.s.AssessServiceImpl-getAssessByFamilyName [main] test
2021-03-31 17:41:00,683 ERROR c.n.d.DiscoveryClient-notify [SpringContextShutdownHook] Saw local status change event StatusChangeEvent [timestamp=1617205260449, current=DOWN, previous=UP]
2021-03-31 17:41:00,684 ERROR c.n.d.DiscoveryClient-notify [SpringContextShutdownHook] Saw local status change event StatusChangeEvent [timestamp=1617205260452, current=DOWN, previous=UP]
2021-03-31 17:56:16,601 INFO c.m.a.t.AssessControllerTest-logStartupProfileInfo [main] No active profile set, falling back to default profiles: default
2021-03-31 17:56:19,022 WARN o.s.b.a.e.EndpointId-logWarning [main] Endpoint ID 'service-registry' contains invalid characters, please migrate to a valid format.
2021-03-31 17:56:22,346 WARN c.n.c.s.URLConfigurationSource-<init> [main] No URLs will be polled as dynamic configuration sources.
2021-03-31 17:56:22,361 WARN c.n.c.s.URLConfigurationSource-<init> [main] No URLs will be polled as dynamic configuration sources.
2021-03-31 17:56:30,263 WARN o.s.c.l.c.BlockingLoadBalancerClientAutoConfiguration$BlockingLoadBalancerClientRibbonWarnLogger-logWarning [main] You already have RibbonLoadBalancerClient on your classpath. It will be used by default. As Spring Cloud Ribbon is in maintenance mode. We recommend switching to BlockingLoadBalancerClient instead. In order to use it, set the value of `spring.cloud.loadbalancer.ribbon.enabled` to `false` or remove spring-cloud-starter-netflix-ribbon from your project.
2021-03-31 17:56:33,155 INFO c.m.a.t.AssessControllerTest-logStarted [main] Started AssessControllerTest in 22.596 seconds (JVM running for 27.492)
2021-03-31 17:56:33,381 INFO c.m.a.c.AssessController-getAssessByPatientId [main] getAssessById start 1
2021-03-31 17:56:33,389 INFO c.m.a.c.AssessController-getAssessByPatientId [main] getAssessById finish
2021-03-31 17:56:33,560 INFO c.m.a.c.AssessController-getAssessByFamilyName [main] getAssessByFamilyName start Bond
2021-03-31 17:56:33,562 INFO c.m.a.c.AssessController-getAssessByFamilyName [main] getAssessByFamilyName finish
2021-03-31 17:56:33,601 INFO c.m.a.c.AssessController-getAssessByFamilyName [main] getAssessByFamilyName start 
2021-03-31 17:56:33,602 ERROR c.m.a.c.AssessController-getAssessByFamilyName [main] familyName is Empty 
2021-03-31 17:56:33,609 ERROR c.m.a.c.e.AssessIdNotFoundException-<init> [main] familyName is Empty 
2021-03-31 17:56:33,687 INFO c.m.a.c.AssessController-getAssessByFamilyName [main] getAssessByFamilyName start Scaramanga
2021-03-31 17:56:33,688 ERROR c.m.a.c.AssessController-getAssessByFamilyName [main] No Assess for patient  Scaramanga
2021-03-31 17:56:33,689 ERROR c.m.a.c.e.AssessIdNotFoundException-<init> [main] No Assess for patient  Scaramanga
2021-03-31 17:56:33,772 INFO c.m.a.c.AssessController-getAssessByPatientId [main] getAssessById start 0
2021-03-31 17:56:33,773 ERROR c.m.a.c.AssessController-getAssessByPatientId [main] No patient id 0
2021-03-31 17:56:33,774 ERROR c.m.a.c.e.AssessIdNotFoundException-<init> [main] No patient id 0
2021-03-31 17:56:38,113 INFO c.m.a.t.AssessServiceTest-logStartupProfileInfo [main] No active profile set, falling back to default profiles: default
2021-03-31 17:56:39,487 WARN o.s.c.n.a.ArchaiusAutoConfiguration-configureArchaius [main] Netflix ConfigurationManager has already been installed, unable to re-install
2021-03-31 17:56:43,682 WARN o.s.c.l.c.BlockingLoadBalancerClientAutoConfiguration$BlockingLoadBalancerClientRibbonWarnLogger-logWarning [main] You already have RibbonLoadBalancerClient on your classpath. It will be used by default. As Spring Cloud Ribbon is in maintenance mode. We recommend switching to BlockingLoadBalancerClient instead. In order to use it, set the value of `spring.cloud.loadbalancer.ribbon.enabled` to `false` or remove spring-cloud-starter-netflix-ribbon from your project.
2021-03-31 17:56:44,745 INFO c.m.a.t.AssessServiceTest-logStarted [main] Started AssessServiceTest in 10.888 seconds (JVM running for 39.083)
2021-03-31 17:56:44,922 INFO c.m.a.s.AssessServiceImpl-getAssessByFamilyName [main] test
2021-03-31 17:56:44,975 INFO c.m.a.s.AssessServiceImpl-getAssessByFamilyName [main] test
2021-03-31 17:56:45,219 ERROR c.n.d.DiscoveryClient-notify [SpringContextShutdownHook] Saw local status change event StatusChangeEvent [timestamp=1617206205213, current=DOWN, previous=UP]
2021-03-31 17:56:45,219 ERROR c.n.d.DiscoveryClient-notify [SpringContextShutdownHook] Saw local status change event StatusChangeEvent [timestamp=1617206205212, current=DOWN, previous=UP]
2021-03-31 17:59:59,152 INFO c.m.a.t.AssessControllerTest-logStartupProfileInfo [main] No active profile set, falling back to default profiles: default
2021-03-31 18:00:01,445 WARN o.s.b.a.e.EndpointId-logWarning [main] Endpoint ID 'service-registry' contains invalid characters, please migrate to a valid format.
2021-03-31 18:00:05,034 WARN c.n.c.s.URLConfigurationSource-<init> [main] No URLs will be polled as dynamic configuration sources.
2021-03-31 18:00:05,049 WARN c.n.c.s.URLConfigurationSource-<init> [main] No URLs will be polled as dynamic configuration sources.
2021-03-31 18:00:12,444 WARN o.s.c.l.c.BlockingLoadBalancerClientAutoConfiguration$BlockingLoadBalancerClientRibbonWarnLogger-logWarning [main] You already have RibbonLoadBalancerClient on your classpath. It will be used by default. As Spring Cloud Ribbon is in maintenance mode. We recommend switching to BlockingLoadBalancerClient instead. In order to use it, set the value of `spring.cloud.loadbalancer.ribbon.enabled` to `false` or remove spring-cloud-starter-netflix-ribbon from your project.
2021-03-31 18:00:15,228 INFO c.m.a.t.AssessControllerTest-logStarted [main] Started AssessControllerTest in 22.222 seconds (JVM running for 27.444)
2021-03-31 18:00:15,424 INFO c.m.a.c.AssessController-getAssessByPatientId [main] getAssessById start 1
2021-03-31 18:00:15,432 INFO c.m.a.c.AssessController-getAssessByPatientId [main] getAssessById finish
2021-03-31 18:00:15,650 INFO c.m.a.c.AssessController-getAssessByFamilyName [main] getAssessByFamilyName start Bond
2021-03-31 18:00:15,651 INFO c.m.a.c.AssessController-getAssessByFamilyName [main] getAssessByFamilyName finish
2021-03-31 18:00:15,688 INFO c.m.a.c.AssessController-getAssessByFamilyName [main] getAssessByFamilyName start 
2021-03-31 18:00:15,690 ERROR c.m.a.c.AssessController-getAssessByFamilyName [main] familyName is Empty 
2021-03-31 18:00:15,695 ERROR c.m.a.c.e.AssessIdNotFoundException-<init> [main] familyName is Empty 
2021-03-31 18:00:15,756 INFO c.m.a.c.AssessController-getAssessByFamilyName [main] getAssessByFamilyName start Scaramanga
2021-03-31 18:00:15,757 ERROR c.m.a.c.AssessController-getAssessByFamilyName [main] No Assess for patient  Scaramanga
2021-03-31 18:00:15,758 ERROR c.m.a.c.e.AssessIdNotFoundException-<init> [main] No Assess for patient  Scaramanga
2021-03-31 18:00:15,856 INFO c.m.a.c.AssessController-getAssessByPatientId [main] getAssessById start 0
2021-03-31 18:00:15,863 ERROR c.m.a.c.AssessController-getAssessByPatientId [main] No patient id 0
2021-03-31 18:00:15,865 ERROR c.m.a.c.e.AssessIdNotFoundException-<init> [main] No patient id 0
2021-03-31 18:00:20,183 INFO c.m.a.t.AssessServiceTest-logStartupProfileInfo [main] No active profile set, falling back to default profiles: default
2021-03-31 18:00:21,542 WARN o.s.c.n.a.ArchaiusAutoConfiguration-configureArchaius [main] Netflix ConfigurationManager has already been installed, unable to re-install
2021-03-31 18:00:25,750 WARN o.s.c.l.c.BlockingLoadBalancerClientAutoConfiguration$BlockingLoadBalancerClientRibbonWarnLogger-logWarning [main] You already have RibbonLoadBalancerClient on your classpath. It will be used by default. As Spring Cloud Ribbon is in maintenance mode. We recommend switching to BlockingLoadBalancerClient instead. In order to use it, set the value of `spring.cloud.loadbalancer.ribbon.enabled` to `false` or remove spring-cloud-starter-netflix-ribbon from your project.
2021-03-31 18:00:26,907 INFO c.m.a.t.AssessServiceTest-logStarted [main] Started AssessServiceTest in 10.967 seconds (JVM running for 39.127)
2021-03-31 18:00:27,062 INFO c.m.a.s.AssessServiceImpl-getAssessByFamilyName [main] test
2021-03-31 18:00:27,125 INFO c.m.a.s.AssessServiceImpl-getAssessByFamilyName [main] test
2021-03-31 18:00:27,607 ERROR c.n.d.DiscoveryClient-notify [SpringContextShutdownHook] Saw local status change event StatusChangeEvent [timestamp=1617206427376, current=DOWN, previous=UP]
2021-03-31 18:00:27,607 ERROR c.n.d.DiscoveryClient-notify [SpringContextShutdownHook] Saw local status change event StatusChangeEvent [timestamp=1617206427373, current=DOWN, previous=UP]
2021-03-31 18:01:46,300 INFO c.m.a.t.AssessControllerTest-logStartupProfileInfo [main] No active profile set, falling back to default profiles: default
2021-03-31 18:01:48,311 WARN o.s.b.a.e.EndpointId-logWarning [main] Endpoint ID 'service-registry' contains invalid characters, please migrate to a valid format.
2021-03-31 18:01:51,593 WARN c.n.c.s.URLConfigurationSource-<init> [main] No URLs will be polled as dynamic configuration sources.
2021-03-31 18:01:51,609 WARN c.n.c.s.URLConfigurationSource-<init> [main] No URLs will be polled as dynamic configuration sources.
2021-03-31 18:01:59,095 WARN o.s.c.l.c.BlockingLoadBalancerClientAutoConfiguration$BlockingLoadBalancerClientRibbonWarnLogger-logWarning [main] You already have RibbonLoadBalancerClient on your classpath. It will be used by default. As Spring Cloud Ribbon is in maintenance mode. We recommend switching to BlockingLoadBalancerClient instead. In order to use it, set the value of `spring.cloud.loadbalancer.ribbon.enabled` to `false` or remove spring-cloud-starter-netflix-ribbon from your project.
2021-03-31 18:02:01,807 INFO c.m.a.t.AssessControllerTest-logStarted [main] Started AssessControllerTest in 21.634 seconds (JVM running for 26.138)
2021-03-31 18:02:01,998 INFO c.m.a.c.AssessController-getAssessByPatientId [main] getAssessById start 1
2021-03-31 18:02:02,005 INFO c.m.a.c.AssessController-getAssessByPatientId [main] getAssessById finish
2021-03-31 18:02:02,191 INFO c.m.a.c.AssessController-getAssessByFamilyName [main] getAssessByFamilyName start Bond
2021-03-31 18:02:02,192 INFO c.m.a.c.AssessController-getAssessByFamilyName [main] getAssessByFamilyName finish
2021-03-31 18:02:02,223 INFO c.m.a.c.AssessController-getAssessByFamilyName [main] getAssessByFamilyName start 
2021-03-31 18:02:02,227 ERROR c.m.a.c.AssessController-getAssessByFamilyName [main] familyName is Empty 
2021-03-31 18:02:02,228 ERROR c.m.a.c.e.AssessIdNotFoundException-<init> [main] familyName is Empty 
2021-03-31 18:02:02,264 INFO c.m.a.c.AssessController-getAssessByFamilyName [main] getAssessByFamilyName start Scaramanga
2021-03-31 18:02:02,265 ERROR c.m.a.c.AssessController-getAssessByFamilyName [main] No Assess for patient  Scaramanga
2021-03-31 18:02:02,266 ERROR c.m.a.c.e.AssessIdNotFoundException-<init> [main] No Assess for patient  Scaramanga
2021-03-31 18:02:02,298 INFO c.m.a.c.AssessController-getAssessByPatientId [main] getAssessById start 0
2021-03-31 18:02:02,301 ERROR c.m.a.c.AssessController-getAssessByPatientId [main] No patient id 0
2021-03-31 18:02:02,302 ERROR c.m.a.c.e.AssessIdNotFoundException-<init> [main] No patient id 0
2021-03-31 18:02:06,605 INFO c.m.a.t.AssessServiceTest-logStartupProfileInfo [main] No active profile set, falling back to default profiles: default
2021-03-31 18:02:07,932 WARN o.s.c.n.a.ArchaiusAutoConfiguration-configureArchaius [main] Netflix ConfigurationManager has already been installed, unable to re-install
2021-03-31 18:02:12,222 WARN o.s.c.l.c.BlockingLoadBalancerClientAutoConfiguration$BlockingLoadBalancerClientRibbonWarnLogger-logWarning [main] You already have RibbonLoadBalancerClient on your classpath. It will be used by default. As Spring Cloud Ribbon is in maintenance mode. We recommend switching to BlockingLoadBalancerClient instead. In order to use it, set the value of `spring.cloud.loadbalancer.ribbon.enabled` to `false` or remove spring-cloud-starter-netflix-ribbon from your project.
2021-03-31 18:02:13,381 INFO c.m.a.t.AssessServiceTest-logStarted [main] Started AssessServiceTest in 11.017 seconds (JVM running for 37.712)
2021-03-31 18:02:13,588 INFO c.m.a.s.AssessServiceImpl-getAssessByFamilyName [main] test
2021-03-31 18:02:13,667 INFO c.m.a.s.AssessServiceImpl-getAssessByFamilyName [main] test
2021-03-31 18:02:14,226 ERROR c.n.d.DiscoveryClient-notify [SpringContextShutdownHook] Saw local status change event StatusChangeEvent [timestamp=1617206534211, current=DOWN, previous=UP]
2021-03-31 18:02:14,224 ERROR c.n.d.DiscoveryClient-notify [SpringContextShutdownHook] Saw local status change event StatusChangeEvent [timestamp=1617206534211, current=DOWN, previous=UP]
